<?xml version="1.0" encoding="UTF-8"?>
<!-- Generated by org.testng.reporters.JUnitXMLReporter -->
<testsuite ignored="3" hostname="DESKTOP-FL7DDNT" failures="0" tests="1" name="groups" time="0.317" errors="0" timestamp="2024-11-11T13:55:26 IST">
  <testcase classname="AllTestNGPack.groups" name="regressionTest1" time="0.111"/>
  <testcase classname="AllTestNGPack.groups" name="smokeTest2" time="0.0">
    <ignored/>
  </testcase> <!-- smokeTest2 -->
  <testcase classname="AllTestNGPack.groups" name="smokeTest1" time="0.0">
    <ignored/>
  </testcase> <!-- smokeTest1 -->
  <testcase classname="AllTestNGPack.groups" name="regressionAndSanityTest" time="0.0">
    <ignored/>
  </testcase> <!-- regressionAndSanityTest -->
</testsuite> <!-- groups -->
