<?xml version="1.0" encoding="UTF-8"?>
<!-- Generated by org.testng.reporters.JUnitXMLReporter -->
<testsuite ignored="2" hostname="DESKTOP-FL7DDNT" failures="0" tests="8" name="Test" time="0.474" errors="0" timestamp="2024-11-08T12:12:51 IST">
  <testcase classname="AllTestNGPack.dependsOnMethod" name="openBrowser" time="0.027"/>
  <testcase classname="AllTestNGPack.dependsOnMethod" name="signIn" time="0.008"/>
  <testcase classname="AllTestNGPack.dependsOnMethod" name="logOut" time="0.005"/>
  <testcase classname="AllTestNGPack.testcasePriority" name="abcd" time="0.006"/>
  <testcase classname="AllTestNGPack.testcasePriority" name="abce" time="0.009"/>
  <testcase classname="AllTestNGPack.testcasePriority" name="apple" time="0.008"/>
  <testcase classname="AllTestNGPack.testcasePriority" name="ball" time="0.007"/>
  <testcase classname="AllTestNGPack.testcasePriority" name="four" time="0.006"/>
  <testcase classname="AllTestNGPack.testcasePriority" name="one" time="0.0">
    <ignored/>
  </testcase> <!-- one -->
  <testcase classname="AllTestNGPack.testcasePriority" name="two" time="0.0">
    <ignored/>
  </testcase> <!-- two -->
</testsuite> <!-- Test -->
