<?xml version="1.0" encoding="UTF-8"?>
<!-- Generated by org.testng.reporters.JUnitXMLReporter -->
<testsuite ignored="0" hostname="DESKTOP-FL7DDNT" failures="2" tests="6" name="All annoatations(failed)" time="0.45" errors="0" timestamp="2024-11-13T17:26:04 IST">
  <testcase classname="Listeners.retryListenerSampler" name="Test1" time="0.122">
    <skipped/>
  </testcase> <!-- Test1 -->
  <testcase classname="Listeners.retryListenerSampler" name="Test1" time="0.007">
    <skipped/>
  </testcase> <!-- Test1 -->
  <testcase classname="Listeners.retryListenerSampler" name="Test1" time="0.009">
    <failure type="java.lang.AssertionError" message="expected [true] but found [false]">
      <![CDATA[java.lang.AssertionError: expected [true] but found [false]
at Listeners.retryListenerSampler.Test1(retryListenerSampler.java:13)
at java.base/java.util.ArrayList.forEach(ArrayList.java:1597)
... Removed 32 stack frames]]>
    </failure>
  </testcase> <!-- Test1 -->
  <testcase classname="Listeners.retryListenerSampler" name="Test2" time="0.007">
    <skipped/>
  </testcase> <!-- Test2 -->
  <testcase classname="Listeners.retryListenerSampler" name="Test2" time="0.012">
    <skipped/>
  </testcase> <!-- Test2 -->
  <testcase classname="Listeners.retryListenerSampler" name="Test2" time="0.01">
    <failure type="java.lang.AssertionError" message="expected [true] but found [false]">
      <![CDATA[java.lang.AssertionError: expected [true] but found [false]
at Listeners.retryListenerSampler.Test2(retryListenerSampler.java:19)
at java.base/java.util.ArrayList.forEach(ArrayList.java:1597)
... Removed 32 stack frames]]>
    </failure>
  </testcase> <!-- Test2 -->
</testsuite> <!-- All annoatations(failed) -->
